2023-06-06 17:04:57.113  INFO 5448 --- [main] c.e.ElectronicStoreApplicationTests      : Starting ElectronicStoreApplicationTests using Java 17.0.7 on DESKTOP-L8JR61R with PID 5448 (started by ADMIN in C:\Users\ADMIN\Desktop\Intellij idea\ElectronicStore\ElectronicStore)
2023-06-06 17:04:57.137  INFO 5448 --- [main] c.e.ElectronicStoreApplicationTests      : No active profile set, falling back to 1 default profile: "default"
2023-06-06 17:04:59.963  INFO 5448 --- [main] .s.d.r.c.RepositoryConfigurationDelegate : Bootstrapping Spring Data JPA repositories in DEFAULT mode.
2023-06-06 17:05:00.157  INFO 5448 --- [main] .s.d.r.c.RepositoryConfigurationDelegate : Finished Spring Data repository scanning in 170 ms. Found 1 JPA repository interfaces.
2023-06-06 17:05:02.148  INFO 5448 --- [main] o.hibernate.jpa.internal.util.LogHelper  : HHH000204: Processing PersistenceUnitInfo [name: default]
2023-06-06 17:05:02.457  INFO 5448 --- [main] org.hibernate.Version                    : HHH000412: Hibernate ORM core version 5.6.15.Final
2023-06-06 17:05:03.090  INFO 5448 --- [main] o.hibernate.annotations.common.Version   : HCANN000001: Hibernate Commons Annotations {5.1.2.Final}
2023-06-06 17:05:03.643  INFO 5448 --- [main] com.zaxxer.hikari.HikariDataSource       : HikariPool-1 - Starting...
2023-06-06 17:05:05.004  INFO 5448 --- [main] com.zaxxer.hikari.HikariDataSource       : HikariPool-1 - Start completed.
2023-06-06 17:05:05.050  INFO 5448 --- [main] org.hibernate.dialect.Dialect            : HHH000400: Using dialect: org.hibernate.dialect.MySQL8Dialect
2023-06-06 17:05:07.836  INFO 5448 --- [main] o.h.e.t.j.p.i.JtaPlatformInitiator       : HHH000490: Using JtaPlatform implementation: [org.hibernate.engine.transaction.jta.platform.internal.NoJtaPlatform]
2023-06-06 17:05:07.876  INFO 5448 --- [main] j.LocalContainerEntityManagerFactoryBean : Initialized JPA EntityManagerFactory for persistence unit 'default'
2023-06-06 17:05:10.073  WARN 5448 --- [main] JpaBaseConfiguration$JpaWebConfiguration : spring.jpa.open-in-view is enabled by default. Therefore, database queries may be performed during view rendering. Explicitly configure spring.jpa.open-in-view to disable this warning
2023-06-06 17:05:11.775  INFO 5448 --- [main] c.e.ElectronicStoreApplicationTests      : Started ElectronicStoreApplicationTests in 15.662 seconds (JVM running for 19.852)
2023-06-06 17:05:12.481  INFO 5448 --- [SpringApplicationShutdownHook] j.LocalContainerEntityManagerFactoryBean : Closing JPA EntityManagerFactory for persistence unit 'default'
2023-06-06 17:05:12.486  INFO 5448 --- [SpringApplicationShutdownHook] com.zaxxer.hikari.HikariDataSource       : HikariPool-1 - Shutdown initiated...
2023-06-06 17:05:12.525  INFO 5448 --- [SpringApplicationShutdownHook] com.zaxxer.hikari.HikariDataSource       : HikariPool-1 - Shutdown completed.
2023-06-06 17:13:35.026  INFO 8680 --- [main] c.e.ElectronicStoreApplicationTests      : Starting ElectronicStoreApplicationTests using Java 17.0.7 on DESKTOP-L8JR61R with PID 8680 (started by ADMIN in C:\Users\ADMIN\Desktop\Intellij idea\ElectronicStore\ElectronicStore)
2023-06-06 17:13:35.030  INFO 8680 --- [main] c.e.ElectronicStoreApplicationTests      : No active profile set, falling back to 1 default profile: "default"
2023-06-06 17:13:37.341  INFO 8680 --- [main] .s.d.r.c.RepositoryConfigurationDelegate : Bootstrapping Spring Data JPA repositories in DEFAULT mode.
2023-06-06 17:13:37.552  INFO 8680 --- [main] .s.d.r.c.RepositoryConfigurationDelegate : Finished Spring Data repository scanning in 182 ms. Found 1 JPA repository interfaces.
2023-06-06 17:13:39.185  INFO 8680 --- [main] o.hibernate.jpa.internal.util.LogHelper  : HHH000204: Processing PersistenceUnitInfo [name: default]
2023-06-06 17:13:39.314  INFO 8680 --- [main] org.hibernate.Version                    : HHH000412: Hibernate ORM core version 5.6.15.Final
2023-06-06 17:13:39.994  INFO 8680 --- [main] o.hibernate.annotations.common.Version   : HCANN000001: Hibernate Commons Annotations {5.1.2.Final}
2023-06-06 17:13:40.491  INFO 8680 --- [main] com.zaxxer.hikari.HikariDataSource       : HikariPool-1 - Starting...
2023-06-06 17:13:41.631  INFO 8680 --- [main] com.zaxxer.hikari.HikariDataSource       : HikariPool-1 - Start completed.
2023-06-06 17:13:41.690  INFO 8680 --- [main] org.hibernate.dialect.Dialect            : HHH000400: Using dialect: org.hibernate.dialect.MySQL8Dialect
2023-06-06 17:13:43.931  INFO 8680 --- [main] o.h.e.t.j.p.i.JtaPlatformInitiator       : HHH000490: Using JtaPlatform implementation: [org.hibernate.engine.transaction.jta.platform.internal.NoJtaPlatform]
2023-06-06 17:13:43.956  INFO 8680 --- [main] j.LocalContainerEntityManagerFactoryBean : Initialized JPA EntityManagerFactory for persistence unit 'default'
2023-06-06 17:13:45.758  WARN 8680 --- [main] JpaBaseConfiguration$JpaWebConfiguration : spring.jpa.open-in-view is enabled by default. Therefore, database queries may be performed during view rendering. Explicitly configure spring.jpa.open-in-view to disable this warning
2023-06-06 17:13:47.410  INFO 8680 --- [main] c.e.ElectronicStoreApplicationTests      : Started ElectronicStoreApplicationTests in 13.277 seconds (JVM running for 18.632)
2023-06-06 17:13:48.073  INFO 8680 --- [SpringApplicationShutdownHook] j.LocalContainerEntityManagerFactoryBean : Closing JPA EntityManagerFactory for persistence unit 'default'
2023-06-06 17:13:48.077  INFO 8680 --- [SpringApplicationShutdownHook] com.zaxxer.hikari.HikariDataSource       : HikariPool-1 - Shutdown initiated...
2023-06-06 17:13:48.113  INFO 8680 --- [SpringApplicationShutdownHook] com.zaxxer.hikari.HikariDataSource       : HikariPool-1 - Shutdown completed.
